<?xml version="1.0" encoding="UTF-8"?>
<!-- Generated by org.testng.reporters.JUnitReportReporter -->
<testsuite hostname="DESKTOP-CLV3IE6" failures="0" tests="3" name="testNG.ParallelTestClass2" time="19.076" errors="0" timestamp="2021-03-21T16:58:54 IST" skipped="0">
  <testcase classname="testNG.ParallelTestClass2" name="test1" time="4.727"/>
  <system-out/>
  <testcase classname="testNG.ParallelTestClass2" name="test2" time="12.366"/>
  <system-out/>
  <testcase classname="testNG.ParallelTestClass2" name="test3" time="1.983"/>
  <system-out/>
</testsuite> <!-- testNG.ParallelTestClass2 -->
