<?xml version="1.0" encoding="UTF-8"?>
<!-- Generated by org.testng.reporters.JUnitReportReporter -->
<testsuite hostname="DESKTOP-CLV3IE6" failures="0" tests="3" name="testNG.ParallelTestClass1" time="26.421" errors="0" timestamp="2021-03-21T18:48:38 IST" skipped="0">
  <testcase classname="testNG.ParallelTestClass1" name="test3" time="2.193"/>
  <system-out/>
  <testcase classname="testNG.ParallelTestClass1" name="test2" time="14.937"/>
  <system-out/>
  <testcase classname="testNG.ParallelTestClass1" name="test1" time="9.291"/>
  <system-out/>
</testsuite> <!-- testNG.ParallelTestClass1 -->
