<?xml version="1.0" encoding="UTF-8"?>
<!-- Generated by org.testng.reporters.JUnitReportReporter -->
<testsuite hostname="DESKTOP-CLV3IE6" failures="0" tests="3" name="parallelExecution.TestClass" time="46.254" errors="0" timestamp="2021-03-21T16:11:56 IST" skipped="0">
  <testcase classname="parallelExecution.TestClass" name="test2" time="18.121"/>
  <system-out/>
  <testcase classname="parallelExecution.TestClass" name="test1" time="15.813"/>
  <system-out/>
  <testcase classname="parallelExecution.TestClass" name="test3" time="12.320"/>
  <system-out/>
</testsuite> <!-- parallelExecution.TestClass -->
