<?xml version="1.0" encoding="UTF-8"?>
<!-- Generated by org.testng.reporters.JUnitReportReporter -->
<testsuite hostname="DESKTOP-CLV3IE6" failures="0" tests="3" name="WaitsTest" time="8.001" errors="0" timestamp="2021-03-27T10:37:01 IST" skipped="0">
  <testcase classname="WaitsTest" name="explicitwaitTest" time="5.333"/>
  <system-out/>
  <testcase classname="WaitsTest" name="fluentwaitTest" time="0.090"/>
  <system-out/>
  <testcase classname="WaitsTest" name="implicitlywaitTest" time="2.578"/>
  <system-out/>
</testsuite> <!-- WaitsTest -->
